{
  "RSpec": {
    "coverage": {
      "/Users/olliethurston/Documents/Graduate Academy/FinalProject/BalanceBook/app/models/entry.rb": {
        "lines": [
          1,
          1,
          null,
          1,
          1,
          null,
          1,
          null,
          1,
          null,
          null,
          null,
          null,
          null,
          null,
          null,
          6,
          null,
          null,
          null,
          1,
          114,
          114,
          6,
          6,
          null,
          108,
          null,
          null,
          1,
          null,
          1,
          19,
          null,
          null,
          19,
          114,
          null,
          19,
          null,
          null,
          null
        ]
      },
      "/Users/olliethurston/Documents/Graduate Academy/FinalProject/BalanceBook/spec/models/user_spec.rb": {
        "lines": [
          1,
          null,
          1,
          13,
          null,
          1,
          1,
          1,
          null,
          null,
          null,
          1,
          1,
          1,
          1,
          null,
          null,
          1,
          1,
          1,
          null,
          null,
          1,
          1,
          1,
          null,
          null,
          1,
          1,
          1,
          null,
          null,
          1,
          1,
          1,
          null,
          null,
          1,
          1,
          1,
          null,
          null,
          1,
          1,
          1,
          null,
          null,
          1,
          1,
          1,
          null,
          null,
          1,
          1,
          1,
          null,
          null,
          1,
          1,
          1,
          null,
          null,
          1,
          1,
          1,
          null,
          null,
          null,
          null,
          null
        ]
      }
    },
    "timestamp": 1723540910
  }
}
