{
  "RSpec": {
    "coverage": {
      "/Users/olliethurston/Documents/Graduate Academy/FinalProject/BalanceBook/app/models/entry.rb": {
        "lines": [
          1,
          1,
          null
        ]
      },
      "/Users/olliethurston/Documents/Graduate Academy/FinalProject/BalanceBook/spec/models/user_spec.rb": {
        "lines": [
          1,
          null,
          1,
          12,
          null,
          1,
          1,
          1,
          null,
          null,
          null,
          1,
          1,
          1,
          1,
          null,
          null,
          1,
          1,
          1,
          null,
          null,
          1,
          1,
          1,
          null,
          null,
          1,
          1,
          1,
          null,
          null,
          null,
          null,
          null,
          null,
          null,
          1,
          1,
          1,
          null,
          null,
          1,
          1,
          1,
          null,
          null,
          1,
          1,
          1,
          null,
          null,
          1,
          1,
          1,
          null,
          null,
          1,
          1,
          1,
          null,
          null,
          1,
          1,
          1,
          null,
          null,
          null,
          null,
          null
        ]
      }
    },
    "timestamp": 1723025623
  }
}
